c:\users\gialao\onedrive\project\gamecarover2\gamecarover2\debug\gamecarover2.pch
c:\users\gialao\onedrive\project\gamecarover2\gamecarover2\debug\vc120.pdb
c:\users\gialao\onedrive\project\gamecarover2\gamecarover2\debug\vc120.idb
c:\users\gialao\onedrive\project\gamecarover2\gamecarover2\debug\stdafx.obj
c:\users\gialao\onedrive\project\gamecarover2\gamecarover2\debug\display.obj
c:\users\gialao\onedrive\project\gamecarover2\gamecarover2\debug\pervscom.obj
c:\users\gialao\onedrive\project\gamecarover2\gamecarover2\debug\pervsper.obj
c:\users\gialao\onedrive\project\gamecarover2\gamecarover2\debug\process.obj
c:\users\gialao\onedrive\project\gamecarover2\gamecarover2\debug\saveandload.obj
c:\users\gialao\onedrive\project\gamecarover2\gamecarover2\debug\mainsource.obj
c:\users\gialao\onedrive\project\gamecarover2\gamecarover2\debug\menu.obj
c:\users\gialao\onedrive\project\gamecarover2\debug\gamecarover2.ilk
c:\users\gialao\onedrive\project\gamecarover2\debug\gamecarover2.exe
c:\users\gialao\onedrive\project\gamecarover2\debug\gamecarover2.pdb
c:\users\gialao\onedrive\project\gamecarover2\gamecarover2\debug\gamecarover2.tlog\cl.command.1.tlog
c:\users\gialao\onedrive\project\gamecarover2\gamecarover2\debug\gamecarover2.tlog\cl.read.1.tlog
c:\users\gialao\onedrive\project\gamecarover2\gamecarover2\debug\gamecarover2.tlog\cl.write.1.tlog
c:\users\gialao\onedrive\project\gamecarover2\gamecarover2\debug\gamecarover2.tlog\link.command.1.tlog
c:\users\gialao\onedrive\project\gamecarover2\gamecarover2\debug\gamecarover2.tlog\link.read.1.tlog
c:\users\gialao\onedrive\project\gamecarover2\gamecarover2\debug\gamecarover2.tlog\link.write.1.tlog
